# JRE version: 7.0_04-b22
# Java VM: Java HotSpot(TM) Client VM (23.0-b21 mixed mode windows-x86 )
Heap
 par new generation   total 118016K, used 38554K [0x02b80000, 0x0ab80000, 0x0ab80000)
  eden space 104960K,  27% used [0x02b80000, 0x04769d90, 0x09200000)
  from space 13056K,  76% used [0x09200000, 0x09bbcc60, 0x09ec0000)
  to   space 13056K,   0% used [0x09ec0000, 0x09ec0000, 0x0ab80000)
 concurrent mark-sweep generation total 917504K, used 52365K [0x0ab80000, 0x42b80000, 0x42b80000)
 concurrent-mark-sweep perm gen total 30952K, used 18621K [0x42b80000, 0x449ba000, 0x46b80000)
GC Heap History (10 events):
Event: 33.912 GC heap before
{Heap before GC invocations=1 (full 1):
 par new generation   total 118016K, used 118016K [0x02b80000, 0x0ab80000, 0x0ab80000)
  eden space 104960K, 100% used [0x02b80000, 0x09200000, 0x09200000)
  from space 13056K, 100% used [0x09ec0000, 0x0ab80000, 0x0ab80000)
  to   space 13056K,   0% used [0x09200000, 0x09200000, 0x09ec0000)
 concurrent mark-sweep generation total 917504K, used 12120K [0x0ab80000, 0x42b80000, 0x42b80000)
 concurrent-mark-sweep perm gen total 14464K, used 14421K [0x42b80000, 0x439a0000, 0x46b80000)
Event: 33.999 GC heap after
Heap after GC invocations=2 (full 1):
 par new generation   total 118016K, used 8343K [0x02b80000, 0x0ab80000, 0x0ab80000)
  eden space 104960K,   0% used [0x02b80000, 0x02b80000, 0x09200000)
  from space 13056K,  63% used [0x09200000, 0x09a25e90, 0x09ec0000)
  to   space 13056K,   0% used [0x09ec0000, 0x09ec0000, 0x0ab80000)
 concurrent mark-sweep generation total 917504K, used 25226K [0x0ab80000, 0x42b80000, 0x42b80000)
 concurrent-mark-sweep perm gen total 14464K, used 14421K [0x42b80000, 0x439a0000, 0x46b80000)
}
Event: 48.986 GC heap before
{Heap before GC invocations=2 (full 1):
 par new generation   total 118016K, used 71989K [0x02b80000, 0x0ab80000, 0x0ab80000)
  eden space 104960K,  60% used [0x02b80000, 0x069a7628, 0x09200000)
  from space 13056K,  63% used [0x09200000, 0x09a25e90, 0x09ec0000)
  to   space 13056K,   0% used [0x09ec0000, 0x09ec0000, 0x0ab80000)
 concurrent mark-sweep generation total 917504K, used 24683K [0x0ab80000, 0x42b80000, 0x42b80000)
 concurrent-mark-sweep perm gen total 27364K, used 17122K [0x42b80000, 0x44639000, 0x46b80000)
Event: 49.174 GC heap after
Heap after GC invocations=3 (full 2):
 par new generation   total 118016K, used 0K [0x02b80000, 0x0ab80000, 0x0ab80000)
  eden space 104960K,   0% used [0x02b80000, 0x02b80000, 0x09200000)
  from space 13056K,   0% used [0x09200000, 0x09200000, 0x09ec0000)
  to   space 13056K,   0% used [0x09ec0000, 0x09ec0000, 0x0ab80000)
 concurrent mark-sweep generation total 917504K, used 32029K [0x0ab80000, 0x42b80000, 0x42b80000)
 concurrent-mark-sweep perm gen total 28524K, used 17114K [0x42b80000, 0x4475b000, 0x46b80000)
}
Event: 67.006 GC heap before
{Heap before GC invocations=3 (full 3):
 par new generation   total 118016K, used 32501K [0x02b80000, 0x0ab80000, 0x0ab80000)
  eden space 104960K,  30% used [0x02b80000, 0x04b3d6c0, 0x09200000)
  from space 13056K,   0% used [0x09200000, 0x09200000, 0x09ec0000)
  to   space 13056K,   0% used [0x09ec0000, 0x09ec0000, 0x0ab80000)
 concurrent mark-sweep generation total 917504K, used 32029K [0x0ab80000, 0x42b80000, 0x42b80000)
 concurrent-mark-sweep perm gen total 28524K, used 18227K [0x42b80000, 0x4475b000, 0x46b80000)
Event: 67.302 GC heap after
Heap after GC invocations=4 (full 4):
 par new generation   total 118016K, used 0K [0x02b80000, 0x0ab80000, 0x0ab80000)
  eden space 104960K,   0% used [0x02b80000, 0x02b80000, 0x09200000)
  from space 13056K,   0% used [0x09200000, 0x09200000, 0x09ec0000)
  to   space 13056K,   0% used [0x09ec0000, 0x09ec0000, 0x0ab80000)
 concurrent mark-sweep generation total 917504K, used 36658K [0x0ab80000, 0x42b80000, 0x42b80000)
 concurrent-mark-sweep perm gen total 30380K, used 18227K [0x42b80000, 0x4492b000, 0x46b80000)
}
Event: 73.540 GC heap before
{Heap before GC invocations=4 (full 5):
 par new generation   total 118016K, used 104945K [0x02b80000, 0x0ab80000, 0x0ab80000)
  eden space 104960K,  99% used [0x02b80000, 0x091fc6f8, 0x09200000)
  from space 13056K,   0% used [0x09200000, 0x09200000, 0x09ec0000)
  to   space 13056K,   0% used [0x09ec0000, 0x09ec0000, 0x0ab80000)
 concurrent mark-sweep generation total 917504K, used 36658K [0x0ab80000, 0x42b80000, 0x42b80000)
 concurrent-mark-sweep perm gen total 30380K, used 18551K [0x42b80000, 0x4492b000, 0x46b80000)
Event: 73.579 GC heap after
Heap after GC invocations=5 (full 5):
 par new generation   total 118016K, used 13056K [0x02b80000, 0x0ab80000, 0x0ab80000)
  eden space 104960K,   0% used [0x02b80000, 0x02b80000, 0x09200000)
  from space 13056K, 100% used [0x09ec0000, 0x0ab80000, 0x0ab80000)
  to   space 13056K,   0% used [0x09200000, 0x09200000, 0x09ec0000)
 concurrent mark-sweep generation total 917504K, used 42708K [0x0ab80000, 0x42b80000, 0x42b80000)
 concurrent-mark-sweep perm gen total 30380K, used 18551K [0x42b80000, 0x4492b000, 0x46b80000)
}
Event: 98.500 GC heap before
{Heap before GC invocations=5 (full 5):
 par new generation   total 118016K, used 118016K [0x02b80000, 0x0ab80000, 0x0ab80000)
  eden space 104960K, 100% used [0x02b80000, 0x09200000, 0x09200000)
  from space 13056K, 100% used [0x09ec0000, 0x0ab80000, 0x0ab80000)
  to   space 13056K,   0% used [0x09200000, 0x09200000, 0x09ec0000)
 concurrent mark-sweep generation total 917504K, used 40454K [0x0ab80000, 0x42b80000, 0x42b80000)
 concurrent-mark-sweep perm gen total 30952K, used 18596K [0x42b80000, 0x449ba000, 0x46b80000)
Event: 98.543 GC heap after
Heap after GC invocations=6 (full 5):
 par new generation   total 118016K, used 9971K [0x02b80000, 0x0ab80000, 0x0ab80000)
  eden space 104960K,   0% used [0x02b80000, 0x02b80000, 0x09200000)
  from space 13056K,  76% used [0x09200000, 0x09bbcc60, 0x09ec0000)
  to   space 13056K,   0% used [0x09ec0000, 0x09ec0000, 0x0ab80000)
 concurrent mark-sweep generation total 917504K, used 52365K [0x0ab80000, 0x42b80000, 0x42b80000)
 concurrent-mark-sweep perm gen total 30952K, used 18596K [0x42b80000, 0x449ba000, 0x46b80000)
}

